0001_0298_0113_0270_0270.jpg 1 298 113 270 270
0002_0063_0528_0352_0352.jpg 1 63 528 352 352
0003_0389_0261_0231_0231.jpg 1 389 261 231 231
0004_0157_0278_0220_0220.jpg 1 157 278 220 220
0005_0638_0114_0251_0251.jpg 1 638 114 251 251
0006_0496_0449_0038_0038.jpg 1 496 449 38 38
0007_0245_0297_0169_0169.jpg 1 245 297 169 169
0008_0462_0249_0298_0298.jpg 1 462 249 298 298
0009_0217_0102_0351_0351.jpg 1 217 102 351 351
0010_0179_0549_0265_0265.jpg 1 179 549 265 265
0011_0252_0764_0140_0140.jpg 1 252 764 140 140
0012_0114_0219_0281_0281.jpg 1 114 219 281 281
0013_0504_0211_0368_0368.jpg 1 504 211 368 368
0014_0430_0442_0194_0194.jpg 1 430 442 194 194
0015_0071_0488_0292_0292.jpg 1 71 488 292 292
0016_0769_0403_0062_0062.jpg 1 769 403 62 62
0017_0178_0229_0043_0043.jpg 1 178 229 43 43
0018_0246_0231_0132_0132.jpg 1 246 231 132 132
0019_0093_0660_0047_0047.jpg 1 93 660 47 47
0020_0082_0279_0273_0273.jpg 1 82 279 273 273
0021_0064_0322_0250_0250.jpg 1 64 322 250 250
0022_0188_0256_0286_0286.jpg 1 188 256 286 286
0023_0460_0285_0100_0100.jpg 1 460 285 100 100
0024_0764_0160_0075_0075.jpg 1 764 160 75 75
0025_0088_0207_0252_0252.jpg 1 88 207 252 252
0026_0124_0213_0141_0141.jpg 1 124 213 141 141
0027_0644_0410_0101_0101.jpg 1 644 410 101 101
0028_0168_0170_0304_0304.jpg 1 168 170 304 304
0029_0214_0213_0109_0109.jpg 1 214 213 109 109
0030_0287_0105_0318_0318.jpg 1 287 105 318 318
0031_0550_0336_0249_0249.jpg 1 550 336 249 249
0032_0170_0101_0383_0383.jpg 1 170 101 383 383
0033_0671_0433_0143_0143.jpg 1 671 433 143 143
0034_0193_0229_0173_0173.jpg 1 193 229 173 173
0035_0170_0106_0053_0053.jpg 1 170 106 53 53
0036_0136_0427_0122_0122.jpg 1 136 427 122 122
0037_0202_0497_0154_0154.jpg 1 202 497 154 154
0038_0169_0615_0240_0240.jpg 1 169 615 240 240
0039_0424_0412_0122_0122.jpg 1 424 412 122 122
0040_0317_0127_0386_0386.jpg 1 317 127 386 386
0041_0479_0062_0369_0369.jpg 1 479 62 369 369
0042_0449_0483_0043_0043.jpg 1 449 483 43 43
0043_0219_0505_0250_0250.jpg 1 219 505 250 250
0044_0397_0383_0161_0161.jpg 1 397 383 161 161
0045_0377_0349_0098_0098.jpg 1 377 349 98 98
0046_0673_0385_0067_0067.jpg 1 673 385 67 67
0047_0238_0155_0097_0097.jpg 1 238 155 97 97
0048_0079_0172_0169_0169.jpg 1 79 172 169 169
0049_0164_0089_0030_0030.jpg 1 164 89 30 30
0050_0272_0344_0232_0232.jpg 1 272 344 232 232
0051_0439_0179_0096_0096.jpg 1 439 179 96 96
0052_0372_0071_0100_0100.jpg 1 372 71 100 100
0053_0471_0372_0024_0024.jpg 1 471 372 24 24
0054_0806_0704_0044_0044.jpg 1 806 704 44 44
0055_0568_0264_0139_0139.jpg 1 568 264 139 139
0056_0076_0190_0109_0109.jpg 1 76 190 109 109
0057_0222_0472_0094_0094.jpg 1 222 472 94 94
0058_0672_0136_0110_0110.jpg 1 672 136 110 110
0059_0206_0202_0308_0308.jpg 1 206 202 308 308
0060_0037_0192_0294_0294.jpg 1 37 192 294 294
0061_0465_0638_0143_0143.jpg 1 465 638 143 143
0062_0088_0256_0289_0289.jpg 1 88 256 289 289
0063_0167_0182_0071_0071.jpg 1 167 182 71 71
0064_0064_0762_0112_0112.jpg 1 64 762 112 112
0065_0438_0210_0294_0294.jpg 1 438 210 294 294
0066_0304_0028_0377_0377.jpg 1 304 28 377 377
0067_0449_0224_0165_0165.jpg 1 449 224 165 165
0068_0482_0488_0200_0200.jpg 1 482 488 200 200
0069_0068_0092_0389_0389.jpg 1 68 92 389 389
0070_0582_0208_0059_0059.jpg 1 582 208 59 59
0071_0243_0188_0344_0344.jpg 1 243 188 344 344
0072_0443_0237_0277_0277.jpg 1 443 237 277 277
0073_0202_0284_0088_0088.jpg 1 202 284 88 88
0074_0151_0157_0338_0338.jpg 1 151 157 338 338
0075_0430_0234_0239_0239.jpg 1 430 234 239 239
0076_0105_0845_0035_0035.jpg 1 105 845 35 35
0077_0589_0162_0119_0119.jpg 1 589 162 119 119
0078_0227_0577_0244_0244.jpg 1 227 577 244 244
0079_0460_0138_0055_0055.jpg 1 460 138 55 55
0080_0436_0325_0229_0229.jpg 1 436 325 229 229
0081_0374_0230_0153_0153.jpg 1 374 230 153 153
0082_0463_0568_0279_0279.jpg 1 463 568 279 279
0083_0557_0343_0288_0288.jpg 1 557 343 288 288
0084_0440_0294_0097_0097.jpg 1 440 294 97 97
0085_0322_0248_0261_0261.jpg 1 322 248 261 261
0086_0387_0350_0047_0047.jpg 1 387 350 47 47
0087_0569_0201_0192_0192.jpg 1 569 201 192 192
0088_0057_0183_0333_0333.jpg 1 57 183 333 333
0089_0510_0180_0224_0224.jpg 1 510 180 224 224
0090_0093_0449_0040_0040.jpg 1 93 449 40 40
0091_0308_0060_0184_0184.jpg 1 308 60 184 184
0092_0261_0220_0393_0393.jpg 1 261 220 393 393
0093_0555_0167_0362_0362.jpg 1 555 167 362 362
0094_0115_0058_0303_0303.jpg 1 115 58 303 303
0095_0466_0076_0159_0159.jpg 1 466 76 159 159
0096_0222_0577_0130_0130.jpg 1 222 577 130 130
0097_0633_0292_0226_0226.jpg 1 633 292 226 226
0098_0678_0441_0075_0075.jpg 1 678 441 75 75
0099_0528_0148_0059_0059.jpg 1 528 148 59 59
0100_0175_0201_0363_0363.jpg 1 175 201 363 363
0101_0191_0631_0170_0170.jpg 1 191 631 170 170
0102_0274_0290_0326_0326.jpg 1 274 290 326 326
0103_0342_0373_0104_0104.jpg 1 342 373 104 104
0104_0183_0033_0277_0277.jpg 1 183 33 277 277
0105_0423_0547_0094_0094.jpg 1 423 547 94 94
0106_0206_0295_0064_0064.jpg 1 206 295 64 64
0107_0224_0486_0229_0229.jpg 1 224 486 229 229
0108_0059_0576_0190_0190.jpg 1 59 576 190 190
0109_0268_0184_0294_0294.jpg 1 268 184 294 294
0110_0769_0331_0048_0048.jpg 1 769 331 48 48
0111_0150_0142_0329_0329.jpg 1 150 142 329 329
0112_0635_0092_0083_0083.jpg 1 635 92 83 83
0113_0393_0297_0131_0131.jpg 1 393 297 131 131
0114_0168_0188_0211_0211.jpg 1 168 188 211 211
0115_0165_0579_0153_0153.jpg 1 165 579 153 153
0116_0355_0317_0044_0044.jpg 1 355 317 44 44
0117_0367_0172_0272_0272.jpg 1 367 172 272 272
0118_0069_0426_0126_0126.jpg 1 69 426 126 126
0119_0147_0108_0246_0246.jpg 1 147 108 246 246
0120_0099_0243_0383_0383.jpg 1 99 243 383 383
0121_0082_0138_0206_0206.jpg 1 82 138 206 206
0122_0144_0194_0295_0295.jpg 1 144 194 295 295
0123_0249_0519_0275_0275.jpg 1 249 519 275 275
0124_0605_0303_0116_0116.jpg 1 605 303 116 116
0125_0266_0473_0283_0283.jpg 1 266 473 283 283
0126_0106_0190_0366_0366.jpg 1 106 190 366 366
0127_0498_0138_0358_0358.jpg 1 498 138 358 358
0128_0254_0310_0285_0285.jpg 1 254 310 285 285
0129_0154_0207_0228_0228.jpg 1 154 207 228 228
0130_0064_0118_0367_0367.jpg 1 64 118 367 367
0131_0246_0080_0362_0362.jpg 1 246 80 362 362
0132_0176_0363_0298_0298.jpg 1 176 363 298 298
0133_0197_0303_0188_0188.jpg 1 197 303 188 188
0134_0417_0650_0036_0036.jpg 1 417 650 36 36
0135_0509_0299_0146_0146.jpg 1 509 299 146 146
0136_0435_0202_0100_0100.jpg 1 435 202 100 100
0137_0104_0139_0105_0105.jpg 1 104 139 105 105
0138_0131_0202_0174_0174.jpg 1 131 202 174 174
0139_0138_0055_0188_0188.jpg 1 138 55 188 188
0140_0222_0586_0206_0206.jpg 1 222 586 206 206
0141_0306_0553_0168_0168.jpg 1 306 553 168 168
0142_0715_0338_0079_0079.jpg 1 715 338 79 79
0143_0379_0310_0067_0067.jpg 1 379 310 67 67
0144_0571_0385_0085_0085.jpg 1 571 385 85 85
0145_0279_0304_0141_0141.jpg 1 279 304 141 141
0146_0401_0605_0234_0234.jpg 1 401 605 234 234
0147_0052_0124_0238_0238.jpg 1 52 124 238 238
0148_0518_0357_0089_0089.jpg 1 518 357 89 89
0149_0587_0039_0285_0285.jpg 1 587 39 285 285
0150_0126_0327_0253_0253.jpg 1 126 327 253 253
0151_0546_0160_0364_0364.jpg 1 546 160 364 364
0152_0144_0387_0033_0033.jpg 1 144 387 33 33
0153_0497_0159_0309_0309.jpg 1 497 159 309 309
0154_0318_0314_0169_0169.jpg 1 318 314 169 169
0155_0204_0529_0207_0207.jpg 1 204 529 207 207
0156_0342_0356_0378_0378.jpg 1 342 356 378 378
0157_0626_0063_0044_0044.jpg 1 626 63 44 44
0158_0186_0281_0309_0309.jpg 1 186 281 309 309
0159_0587_0270_0078_0078.jpg 1 587 270 78 78
0160_0573_0363_0134_0134.jpg 1 573 363 134 134
0161_0327_0113_0305_0305.jpg 1 327 113 305 305
0162_0068_0255_0317_0317.jpg 1 68 255 317 317
0163_0126_0074_0324_0324.jpg 1 126 74 324 324
0164_0221_0457_0157_0157.jpg 1 221 457 157 157
0165_0301_0072_0229_0229.jpg 1 301 72 229 229
0166_0271_0466_0301_0301.jpg 1 271 466 301 301
0167_0342_0086_0346_0346.jpg 1 342 86 346 346
0168_0467_0523_0141_0141.jpg 1 467 523 141 141
0169_0174_0506_0352_0352.jpg 1 174 506 352 352
0170_0050_0198_0180_0180.jpg 1 50 198 180 180
0171_0285_0113_0053_0053.jpg 1 285 113 53 53
0172_0326_0372_0299_0299.jpg 1 326 372 299 299
0173_0370_0516_0291_0291.jpg 1 370 516 291 291
0174_0117_0221_0332_0332.jpg 1 117 221 332 332
0175_0162_0472_0366_0366.jpg 1 162 472 366 366
0176_0364_0029_0392_0392.jpg 1 364 29 392 392
0177_0315_0203_0045_0045.jpg 1 315 203 45 45
0178_0424_0096_0057_0057.jpg 1 424 96 57 57
0179_0062_0691_0185_0185.jpg 1 62 691 185 185
0180_0132_0449_0106_0106.jpg 1 132 449 106 106
0181_0211_0292_0261_0261.jpg 1 211 292 261 261
0182_0616_0239_0091_0091.jpg 1 616 239 91 91
0183_0176_0110_0351_0351.jpg 1 176 110 351 351
0184_0350_0253_0132_0132.jpg 1 350 253 132 132
0185_0518_0337_0166_0166.jpg 1 518 337 166 166
0186_0492_0280_0173_0173.jpg 1 492 280 173 173
0187_0371_0583_0188_0188.jpg 1 371 583 188 188
0188_0385_0153_0062_0062.jpg 1 385 153 62 62
0189_0329_0398_0149_0149.jpg 1 329 398 149 149
0190_0251_0607_0204_0204.jpg 1 251 607 204 204
0191_0325_0393_0190_0190.jpg 1 325 393 190 190
0192_0368_0122_0269_0269.jpg 1 368 122 269 269
0193_0225_0200_0029_0029.jpg 1 225 200 29 29
0194_0215_0626_0092_0092.jpg 1 215 626 92 92
0195_0271_0394_0235_0235.jpg 1 271 394 235 235
0196_0217_0109_0368_0368.jpg 1 217 109 368 368
0197_0247_0317_0349_0349.jpg 1 247 317 349 349
0198_0287_0212_0240_0240.jpg 1 287 212 240 240
0199_0153_0252_0317_0317.jpg 1 153 252 317 317
0200_0229_0277_0181_0181.jpg 1 229 277 181 181
0201_0185_0437_0121_0121.jpg 1 185 437 121 121
0202_0260_0222_0211_0211.jpg 1 260 222 211 211
0203_0126_0688_0192_0192.jpg 1 126 688 192 192
0204_0504_0353_0256_0256.jpg 1 504 353 256 256
0205_0298_0454_0227_0227.jpg 1 298 454 227 227
0206_0382_0114_0128_0128.jpg 1 382 114 128 128
0207_0429_0153_0383_0383.jpg 1 429 153 383 383
0208_0434_0712_0119_0119.jpg 1 434 712 119 119
0209_0140_0206_0074_0074.jpg 1 140 206 74 74
0210_0452_0049_0275_0275.jpg 1 452 49 275 275
0211_0068_0076_0301_0301.jpg 1 68 76 301 301
0212_0370_0336_0118_0118.jpg 1 370 336 118 118
0213_0091_0188_0256_0256.jpg 1 91 188 256 256
0214_0551_0280_0307_0307.jpg 1 551 280 307 307
0215_0175_0298_0333_0333.jpg 1 175 298 333 333
0216_0506_0166_0353_0353.jpg 1 506 166 353 353
0217_0099_0041_0390_0390.jpg 1 99 41 390 390
0218_0272_0408_0200_0200.jpg 1 272 408 200 200
0219_0203_0485_0165_0165.jpg 1 203 485 165 165
0220_0401_0127_0201_0201.jpg 1 401 127 201 201
0221_0349_0250_0354_0354.jpg 1 349 250 354 354
0222_0266_0279_0297_0297.jpg 1 266 279 297 297
0223_0118_0104_0285_0285.jpg 1 118 104 285 285
0224_0637_0201_0251_0251.jpg 1 637 201 251 251
0225_0081_0237_0117_0117.jpg 1 81 237 117 117
0226_0130_0301_0222_0222.jpg 1 130 301 222 222
0227_0734_0206_0107_0107.jpg 1 734 206 107 107
0228_0144_0554_0237_0237.jpg 1 144 554 237 237
0229_0185_0293_0157_0157.jpg 1 185 293 157 157
0230_0357_0353_0039_0039.jpg 1 357 353 39 39
0231_0152_0232_0371_0371.jpg 1 152 232 371 371
0232_0201_0124_0344_0344.jpg 1 201 124 344 344
0233_0037_0420_0354_0354.jpg 1 37 420 354 354
0234_0137_0338_0329_0329.jpg 1 137 338 329 329
0235_0224_0371_0096_0096.jpg 1 224 371 96 96
0236_0701_0263_0164_0164.jpg 1 701 263 164 164
0237_0364_0638_0097_0097.jpg 1 364 638 97 97
0238_0328_0612_0039_0039.jpg 1 328 612 39 39
0239_0578_0264_0179_0179.jpg 1 578 264 179 179
0240_0262_0264_0213_0213.jpg 1 262 264 213 213
0241_0601_0356_0130_0130.jpg 1 601 356 130 130
0242_0282_0766_0090_0090.jpg 1 282 766 90 90
0243_0832_0206_0068_0068.jpg 1 832 206 68 68
0244_0076_0069_0393_0393.jpg 1 76 69 393 393
0245_0298_0268_0091_0091.jpg 1 298 268 91 91
0246_0045_0302_0383_0383.jpg 1 45 302 383 383
0247_0311_0118_0392_0392.jpg 1 311 118 392 392
0248_0212_0233_0327_0327.jpg 1 212 233 327 327
0249_0592_0160_0042_0042.jpg 1 592 160 42 42
0250_0127_0297_0327_0327.jpg 1 127 297 327 327
0251_0526_0178_0333_0333.jpg 1 526 178 333 333
0252_0327_0538_0230_0230.jpg 1 327 538 230 230
0253_0702_0299_0061_0061.jpg 1 702 299 61 61
0254_0332_0225_0271_0271.jpg 1 332 225 271 271
0255_0258_0401_0263_0263.jpg 1 258 401 263 263
0256_0107_0228_0215_0215.jpg 1 107 228 215 215
0257_0265_0497_0329_0329.jpg 1 265 497 329 329
0258_0222_0161_0391_0391.jpg 1 222 161 391 391
0259_0145_0259_0247_0247.jpg 1 145 259 247 247
0260_0341_0662_0196_0196.jpg 1 341 662 196 196
0261_0307_0406_0172_0172.jpg 1 307 406 172 172
0262_0317_0376_0248_0248.jpg 1 317 376 248 248
0263_0380_0323_0375_0375.jpg 1 380 323 375 375
0264_0119_0148_0316_0316.jpg 1 119 148 316 316
0265_0102_0109_0383_0383.jpg 1 102 109 383 383
0266_0194_0336_0293_0293.jpg 1 194 336 293 293
0267_0548_0348_0048_0048.jpg 1 548 348 48 48
0268_0516_0509_0042_0042.jpg 1 516 509 42 42
0269_0469_0226_0168_0168.jpg 1 469 226 168 168
0270_0173_0721_0174_0174.jpg 1 173 721 174 174
0271_0467_0072_0124_0124.jpg 1 467 72 124 124
0272_0120_0563_0187_0187.jpg 1 120 563 187 187
0273_0172_0259_0094_0094.jpg 1 172 259 94 94
0274_0287_0084_0296_0296.jpg 1 287 84 296 296
0275_0088_0173_0380_0380.jpg 1 88 173 380 380
0276_0660_0367_0237_0237.jpg 1 660 367 237 237
0277_0590_0153_0024_0024.jpg 1 590 153 24 24
0278_0489_0099_0371_0371.jpg 1 489 99 371 371
0279_0708_0290_0143_0143.jpg 1 708 290 143 143
0280_0101_0139_0096_0096.jpg 1 101 139 96 96
0281_0080_0166_0335_0335.jpg 1 80 166 335 335
0282_0576_0106_0312_0312.jpg 1 576 106 312 312
0283_0388_0797_0067_0067.jpg 1 388 797 67 67
0284_0498_0085_0341_0341.jpg 1 498 85 341 341
0285_0505_0654_0202_0202.jpg 1 505 654 202 202
0286_0517_0236_0337_0337.jpg 1 517 236 337 337
0287_0085_0420_0238_0238.jpg 1 85 420 238 238
0288_0348_0253_0263_0263.jpg 1 348 253 263 263
0289_0616_0251_0308_0308.jpg 1 616 251 308 308
0290_0394_0778_0086_0086.jpg 1 394 778 86 86
0291_0216_0308_0150_0150.jpg 1 216 308 150 150
0292_0606_0095_0164_0164.jpg 1 606 95 164 164
0293_0150_0294_0150_0150.jpg 1 150 294 150 150
0294_0543_0254_0168_0168.jpg 1 543 254 168 168
0295_0437_0072_0375_0375.jpg 1 437 72 375 375
0296_0316_0135_0330_0330.jpg 1 316 135 330 330
0297_0303_0248_0050_0050.jpg 1 303 248 50 50
0298_0263_0142_0362_0362.jpg 1 263 142 362 362
0299_0502_0276_0316_0316.jpg 1 502 276 316 316
0300_0187_0167_0040_0040.jpg 1 187 167 40 40
0301_0242_0158_0203_0203.jpg 1 242 158 203 203
0302_0118_0668_0149_0149.jpg 1 118 668 149 149
0303_0380_0280_0249_0249.jpg 1 380 280 249 249
0304_0350_0543_0197_0197.jpg 1 350 543 197 197
0305_0089_0120_0129_0129.jpg 1 89 120 129 129
0306_0216_0400_0213_0213.jpg 1 216 400 213 213
0307_0126_0053_0302_0302.jpg 1 126 53 302 302
0308_0512_0319_0147_0147.jpg 1 512 319 147 147
0309_0233_0213_0118_0118.jpg 1 233 213 118 118
0310_0109_0227_0082_0082.jpg 1 109 227 82 82
0311_0085_0513_0388_0388.jpg 1 85 513 388 388
0312_0373_0406_0147_0147.jpg 1 373 406 147 147
0313_0381_0304_0106_0106.jpg 1 381 304 106 106
0314_0450_0465_0048_0048.jpg 1 450 465 48 48
0315_0665_0251_0254_0254.jpg 1 665 251 254 254
0316_0326_0223_0231_0231.jpg 1 326 223 231 231
0317_0269_0166_0343_0343.jpg 1 269 166 343 343
0318_0427_0195_0364_0364.jpg 1 427 195 364 364
0319_0149_0331_0185_0185.jpg 1 149 331 185 185
0320_0492_0434_0075_0075.jpg 1 492 434 75 75
0321_0392_0413_0169_0169.jpg 1 392 413 169 169
0322_0154_0056_0180_0180.jpg 1 154 56 180 180
0323_0202_0092_0335_0335.jpg 1 202 92 335 335
0324_0346_0053_0285_0285.jpg 1 346 53 285 285
0325_0547_0113_0238_0238.jpg 1 547 113 238 238
0326_0240_0345_0158_0158.jpg 1 240 345 158 158
0327_0378_0060_0273_0273.jpg 1 378 60 273 273
0328_0454_0202_0300_0300.jpg 1 454 202 300 300
0329_0416_0277_0053_0053.jpg 1 416 277 53 53
0330_0335_0715_0154_0154.jpg 1 335 715 154 154
0331_0364_0470_0142_0142.jpg 1 364 470 142 142
0332_0225_0190_0154_0154.jpg 1 225 190 154 154
0333_0118_0353_0235_0235.jpg 1 118 353 235 235
0334_0454_0299_0329_0329.jpg 1 454 299 329 329
0335_0351_0269_0340_0340.jpg 1 351 269 340 340
0336_0591_0354_0227_0227.jpg 1 591 354 227 227
0337_0204_0255_0365_0365.jpg 1 204 255 365 365
0338_0332_0182_0295_0295.jpg 1 332 182 295 295
0339_0732_0491_0085_0085.jpg 1 732 491 85 85
0340_0298_0106_0253_0253.jpg 1 298 106 253 253
0341_0098_0137_0262_0262.jpg 1 98 137 262 262
0342_0524_0311_0152_0152.jpg 1 524 311 152 152
0343_0549_0487_0049_0049.jpg 1 549 487 49 49
0344_0481_0451_0114_0114.jpg 1 481 451 114 114
0345_0624_0403_0218_0218.jpg 1 624 403 218 218
0346_0065_0364_0201_0201.jpg 1 65 364 201 201
0347_0510_0081_0192_0192.jpg 1 510 81 192 192
0348_0348_0186_0369_0369.jpg 1 348 186 369 369
0349_0146_0103_0159_0159.jpg 1 146 103 159 159
0350_0472_0191_0374_0374.jpg 1 472 191 374 374
0351_0239_0274_0340_0340.jpg 1 239 274 340 340
0352_0345_0223_0291_0291.jpg 1 345 223 291 291
0353_0250_0682_0107_0107.jpg 1 250 682 107 107
0354_0229_0340_0080_0080.jpg 1 229 340 80 80
0355_0209_0318_0220_0220.jpg 1 209 318 220 220
0356_0299_0234_0280_0280.jpg 1 299 234 280 280
0357_0036_0522_0302_0302.jpg 1 36 522 302 302
0358_0211_0037_0342_0342.jpg 1 211 37 342 342
0359_0053_0440_0228_0228.jpg 1 53 440 228 228
0360_0447_0153_0289_0289.jpg 1 447 153 289 289
0361_0368_0178_0381_0381.jpg 1 368 178 381 381
0362_0249_0539_0332_0332.jpg 1 249 539 332 332
0363_0168_0599_0108_0108.jpg 1 168 599 108 108
0364_0175_0087_0173_0173.jpg 1 175 87 173 173
0365_0417_0198_0359_0359.jpg 1 417 198 359 359
0366_0138_0442_0045_0045.jpg 1 138 442 45 45
0367_0250_0225_0303_0303.jpg 1 250 225 303 303
0368_0315_0116_0390_0390.jpg 1 315 116 390 390
0369_0178_0544_0221_0221.jpg 1 178 544 221 221
0370_0460_0362_0232_0232.jpg 1 460 362 232 232
0371_0456_0159_0085_0085.jpg 1 456 159 85 85
0372_0643_0347_0137_0137.jpg 1 643 347 137 137
0373_0377_0089_0203_0203.jpg 1 377 89 203 203
0374_0823_0082_0058_0058.jpg 1 823 82 58 58
0375_0153_0444_0357_0357.jpg 1 153 444 357 357
0376_0670_0341_0233_0233.jpg 1 670 341 233 233
0377_0582_0085_0315_0315.jpg 1 582 85 315 315
0378_0607_0163_0294_0294.jpg 1 607 163 294 294
0379_0361_0078_0324_0324.jpg 1 361 78 324 324
0380_0589_0249_0188_0188.jpg 1 589 249 188 188
0381_0283_0366_0050_0050.jpg 1 283 366 50 50
0382_0437_0169_0155_0155.jpg 1 437 169 155 155
0383_0123_0498_0052_0052.jpg 1 123 498 52 52
0384_0489_0274_0245_0245.jpg 1 489 274 245 245
0385_0261_0425_0099_0099.jpg 1 261 425 99 99
0386_0371_0317_0386_0386.jpg 1 371 317 386 386
0387_0128_0239_0377_0377.jpg 1 128 239 377 377
0388_0611_0059_0232_0232.jpg 1 611 59 232 232
0389_0538_0229_0386_0386.jpg 1 538 229 386 386
0390_0255_0617_0252_0252.jpg 1 255 617 252 252
0391_0107_0459_0054_0054.jpg 1 107 459 54 54
0392_0544_0587_0026_0026.jpg 1 544 587 26 26
0393_0229_0651_0273_0273.jpg 1 229 651 273 273
0394_0265_0123_0158_0158.jpg 1 265 123 158 158
0395_0047_0289_0246_0246.jpg 1 47 289 246 246
0396_0212_0131_0284_0284.jpg 1 212 131 284 284
0397_0215_0090_0347_0347.jpg 1 215 90 347 347
0398_0078_0331_0314_0314.jpg 1 78 331 314 314
0399_0107_0374_0217_0217.jpg 1 107 374 217 217
0400_0400_0153_0353_0353.jpg 1 400 153 353 353
0401_0493_0328_0349_0349.jpg 1 493 328 349 349
0402_0273_0494_0086_0086.jpg 1 273 494 86 86
0403_0154_0316_0341_0341.jpg 1 154 316 341 341
0404_0112_0126_0327_0327.jpg 1 112 126 327 327
0405_0222_0237_0046_0046.jpg 1 222 237 46 46
0406_0298_0284_0208_0208.jpg 1 298 284 208 208
0407_0179_0137_0319_0319.jpg 1 179 137 319 319
0408_0735_0051_0161_0161.jpg 1 735 51 161 161
0409_0534_0215_0380_0380.jpg 1 534 215 380 380
0410_0181_0708_0166_0166.jpg 1 181 708 166 166
0411_0262_0139_0028_0028.jpg 1 262 139 28 28
0412_0429_0544_0169_0169.jpg 1 429 544 169 169
0413_0422_0331_0163_0163.jpg 1 422 331 163 163
0414_0328_0239_0149_0149.jpg 1 328 239 149 149
0415_0339_0745_0045_0045.jpg 1 339 745 45 45
0416_0234_0110_0035_0035.jpg 1 234 110 35 35
0417_0149_0115_0196_0196.jpg 1 149 115 196 196
0418_0378_0312_0160_0160.jpg 1 378 312 160 160
0419_0212_0542_0226_0226.jpg 1 212 542 226 226
0420_0173_0516_0092_0092.jpg 1 173 516 92 92
0421_0267_0300_0037_0037.jpg 1 267 300 37 37
0422_0277_0100_0186_0186.jpg 1 277 100 186 186
0423_0302_0182_0392_0392.jpg 1 302 182 392 392
0424_0513_0344_0079_0079.jpg 1 513 344 79 79
0425_0223_0134_0164_0164.jpg 1 223 134 164 164
0426_0736_0404_0077_0077.jpg 1 736 404 77 77
0427_0080_0328_0279_0279.jpg 1 80 328 279 279
0428_0306_0708_0191_0191.jpg 1 306 708 191 191
0429_0361_0072_0043_0043.jpg 1 361 72 43 43
0430_0157_0068_0331_0331.jpg 1 157 68 331 331
0431_0168_0105_0144_0144.jpg 1 168 105 144 144
0432_0167_0106_0330_0330.jpg 1 167 106 330 330
0433_0532_0444_0129_0129.jpg 1 532 444 129 129
0434_0396_0380_0183_0183.jpg 1 396 380 183 183
0435_0604_0085_0255_0255.jpg 1 604 85 255 255
0436_0255_0319_0186_0186.jpg 1 255 319 186 186
0437_0790_0304_0049_0049.jpg 1 790 304 49 49
0438_0531_0189_0025_0025.jpg 1 531 189 25 25
0439_0308_0588_0245_0245.jpg 1 308 588 245 245
0440_0101_0063_0181_0181.jpg 1 101 63 181 181
0441_0260_0256_0343_0343.jpg 1 260 256 343 343
0442_0143_0104_0234_0234.jpg 1 143 104 234 234
0443_0120_0378_0249_0249.jpg 1 120 378 249 249
0444_0107_0249_0286_0286.jpg 1 107 249 286 286
0445_0545_0260_0375_0375.jpg 1 545 260 375 375
0446_0180_0229_0255_0255.jpg 1 180 229 255 255
0447_0315_0537_0229_0229.jpg 1 315 537 229 229
0448_0278_0136_0318_0318.jpg 1 278 136 318 318
0449_0138_0207_0348_0348.jpg 1 138 207 348 348
0450_0224_0435_0310_0310.jpg 1 224 435 310 310
0451_0312_0501_0153_0153.jpg 1 312 501 153 153
0452_0568_0450_0056_0056.jpg 1 568 450 56 56
0453_0431_0766_0067_0067.jpg 1 431 766 67 67
0454_0552_0490_0069_0069.jpg 1 552 490 69 69
0455_0686_0303_0054_0054.jpg 1 686 303 54 54
0456_0257_0601_0118_0118.jpg 1 257 601 118 118
0457_0410_0052_0234_0234.jpg 1 410 52 234 234
0458_0549_0508_0072_0072.jpg 1 549 508 72 72
0459_0285_0120_0386_0386.jpg 1 285 120 386 386
0460_0395_0395_0151_0151.jpg 1 395 395 151 151
0461_0786_0428_0040_0040.jpg 1 786 428 40 40
0462_0113_0418_0341_0341.jpg 1 113 418 341 341
0463_0558_0342_0220_0220.jpg 1 558 342 220 220
0464_0279_0060_0386_0386.jpg 1 279 60 386 386
0465_0248_0344_0033_0033.jpg 1 248 344 33 33
0466_0116_0257_0235_0235.jpg 1 116 257 235 235
0467_0314_0218_0376_0376.jpg 1 314 218 376 376
0468_0288_0173_0171_0171.jpg 1 288 173 171 171
0469_0134_0180_0320_0320.jpg 1 134 180 320 320
0470_0300_0360_0078_0078.jpg 1 300 360 78 78
0471_0094_0486_0114_0114.jpg 1 94 486 114 114
0472_0557_0177_0309_0309.jpg 1 557 177 309 309
0473_0339_0146_0315_0315.jpg 1 339 146 315 315
0474_0303_0621_0232_0232.jpg 1 303 621 232 232
0475_0390_0094_0226_0226.jpg 1 390 94 226 226
0476_0533_0096_0193_0193.jpg 1 533 96 193 193
0477_0522_0136_0269_0269.jpg 1 522 136 269 269
0478_0271_0296_0220_0220.jpg 1 271 296 220 220
0479_0290_0602_0246_0246.jpg 1 290 602 246 246
0480_0333_0414_0071_0071.jpg 1 333 414 71 71
0481_0158_0205_0335_0335.jpg 1 158 205 335 335
0482_0530_0338_0165_0165.jpg 1 530 338 165 165
0483_0241_0597_0176_0176.jpg 1 241 597 176 176
0484_0495_0258_0105_0105.jpg 1 495 258 105 105
0485_0676_0317_0237_0237.jpg 1 676 317 237 237
0486_0347_0250_0203_0203.jpg 1 347 250 203 203
0487_0181_0400_0156_0156.jpg 1 181 400 156 156
0488_0529_0388_0202_0202.jpg 1 529 388 202 202
0489_0470_0117_0290_0290.jpg 1 470 117 290 290
0490_0527_0166_0267_0267.jpg 1 527 166 267 267
0491_0226_0410_0092_0092.jpg 1 226 410 92 92
0492_0320_0335_0202_0202.jpg 1 320 335 202 202
0493_0168_0107_0237_0237.jpg 1 168 107 237 237
0494_0307_0391_0040_0040.jpg 1 307 391 40 40
0495_0170_0472_0383_0383.jpg 1 170 472 383 383
0496_0139_0183_0086_0086.jpg 1 139 183 86 86
0497_0459_0299_0089_0089.jpg 1 459 299 89 89
0498_0310_0138_0115_0115.jpg 1 310 138 115 115
0499_0423_0076_0282_0282.jpg 1 423 76 282 282
0500_0584_0074_0182_0182.jpg 1 584 74 182 182
0501_0328_0429_0071_0071.jpg 1 328 429 71 71
0502_0652_0087_0116_0116.jpg 1 652 87 116 116
0503_0526_0183_0126_0126.jpg 1 526 183 126 126
0504_0212_0151_0050_0050.jpg 1 212 151 50 50
0505_0290_0097_0390_0390.jpg 1 290 97 390 390
0506_0481_0066_0330_0330.jpg 1 481 66 330 330
0507_0588_0704_0052_0052.jpg 1 588 704 52 52
0508_0129_0493_0225_0225.jpg 1 129 493 225 225
0509_0262_0332_0204_0204.jpg 1 262 332 204 204
0510_0458_0689_0198_0198.jpg 1 458 689 198 198
0511_0299_0530_0026_0026.jpg 1 299 530 26 26
0512_0321_0291_0315_0315.jpg 1 321 291 315 315
0513_0477_0271_0136_0136.jpg 1 477 271 136 136
0514_0244_0157_0075_0075.jpg 1 244 157 75 75
0515_0187_0157_0203_0203.jpg 1 187 157 203 203
0516_0182_0336_0320_0320.jpg 1 182 336 320 320
0517_0559_0211_0025_0025.jpg 1 559 211 25 25
0518_0130_0152_0091_0091.jpg 1 130 152 91 91
0519_0264_0172_0247_0247.jpg 1 264 172 247 247
0520_0271_0145_0331_0331.jpg 1 271 145 331 331
0521_0571_0102_0192_0192.jpg 1 571 102 192 192
0522_0477_0243_0095_0095.jpg 1 477 243 95 95
0523_0100_0123_0281_0281.jpg 1 100 123 281 281
0524_0062_0131_0359_0359.jpg 1 62 131 359 359
0525_0260_0203_0209_0209.jpg 1 260 203 209 209
