0001_0765_0136_0067_0067.jpg 1 765 136 67 67
0002_0076_0171_0407_0407.jpg 1 76 171 407 407
0003_0089_0134_0279_0279.jpg 1 89 134 279 279
0004_0078_0161_0293_0293.jpg 1 78 161 293 293
0005_0192_0227_0033_0033.jpg 1 192 227 33 33
0006_0407_0076_0225_0225.jpg 1 407 76 225 225
0007_0092_0061_0328_0328.jpg 1 92 61 328 328
0008_0491_0382_0205_0205.jpg 1 491 382 205 205
0009_0276_0215_0279_0279.jpg 1 276 215 279 279
0010_0307_0343_0113_0113.jpg 1 307 343 113 113
0011_0176_0144_0383_0383.jpg 1 176 144 383 383
0012_0054_0356_0465_0465.jpg 1 54 356 465 465
0013_0357_0144_0162_0162.jpg 1 357 144 162 162
0014_0295_0163_0040_0040.jpg 1 295 163 40 40
0015_0680_0368_0125_0125.jpg 1 680 368 125 125
0016_0367_0085_0293_0293.jpg 1 367 85 293 293
0017_0164_0250_0223_0223.jpg 1 164 250 223 223
0018_0503_0299_0105_0105.jpg 1 503 299 105 105
0019_0183_0325_0389_0389.jpg 1 183 325 389 389
0020_0760_0247_0152_0152.jpg 1 760 247 152 152
0021_0085_0116_0152_0152.jpg 1 85 116 152 152
0022_0555_0410_0100_0100.jpg 1 555 410 100 100
0023_0680_0367_0147_0147.jpg 1 680 367 147 147
0024_0491_0093_0430_0430.jpg 1 491 93 430 430
0025_0311_0097_0406_0406.jpg 1 311 97 406 406
0026_0108_0502_0135_0135.jpg 1 108 502 135 135
0027_0089_0239_0376_0376.jpg 1 89 239 376 376
0028_0286_0496_0183_0183.jpg 1 286 496 183 183
0029_0435_0163_0327_0327.jpg 1 435 163 327 327
0030_0182_0133_0390_0390.jpg 1 182 133 390 390
0031_0238_0105_0451_0451.jpg 1 238 105 451 451
0032_0805_0450_0054_0054.jpg 1 805 450 54 54
0033_0359_0076_0459_0459.jpg 1 359 76 459 459
0034_0390_0097_0216_0216.jpg 1 390 97 216 216
0035_0075_0575_0313_0313.jpg 1 75 575 313 313
0036_0526_0305_0221_0221.jpg 1 526 305 221 221
0037_0549_0168_0140_0140.jpg 1 549 168 140 140
0038_0284_0234_0396_0396.jpg 1 284 234 396 396
0039_0635_0120_0159_0159.jpg 1 635 120 159 159
0040_0351_0434_0189_0189.jpg 1 351 434 189 189
0041_0403_0126_0269_0269.jpg 1 403 126 269 269
0042_0115_0300_0368_0368.jpg 1 115 300 368 368
0043_0283_0193_0317_0317.jpg 1 283 193 317 317
0044_0229_0181_0129_0129.jpg 1 229 181 129 129
0045_0050_0529_0258_0258.jpg 1 50 529 258 258
0046_0300_0362_0147_0147.jpg 1 300 362 147 147
0047_0529_0727_0148_0148.jpg 1 529 727 148 148
0048_0403_0361_0031_0031.jpg 1 403 361 31 31
0049_0205_0069_0396_0396.jpg 1 205 69 396 396
0050_0449_0039_0447_0447.jpg 1 449 39 447 447
0051_0674_0212_0179_0179.jpg 1 674 212 179 179
0052_0365_0806_0061_0061.jpg 1 365 806 61 61
0053_0157_0137_0151_0151.jpg 1 157 137 151 151
0054_0348_0374_0343_0343.jpg 1 348 374 343 343
0055_0495_0046_0442_0442.jpg 1 495 46 442 442
0056_0642_0162_0267_0267.jpg 1 642 162 267 267
0057_0170_0060_0172_0172.jpg 1 170 60 172 172
0058_0331_0281_0403_0403.jpg 1 331 281 403 403
0059_0614_0266_0227_0227.jpg 1 614 266 227 227
0060_0297_0209_0127_0127.jpg 1 297 209 127 127
0061_0200_0453_0237_0237.jpg 1 200 453 237 237
0062_0709_0499_0109_0109.jpg 1 709 499 109 109
0063_0466_0521_0077_0077.jpg 1 466 521 77 77
0064_0055_0414_0375_0375.jpg 1 55 414 375 375
0065_0451_0149_0433_0433.jpg 1 451 149 433 433
0066_0251_0415_0135_0135.jpg 1 251 415 135 135
0067_0085_0280_0072_0072.jpg 1 85 280 72 72
0068_0085_0132_0294_0294.jpg 1 85 132 294 294
0069_0195_0192_0217_0217.jpg 1 195 192 217 217
0070_0214_0335_0246_0246.jpg 1 214 335 246 246
0071_0216_0105_0462_0462.jpg 1 216 105 462 462
0072_0331_0163_0374_0374.jpg 1 331 163 374 374
0073_0473_0147_0465_0465.jpg 1 473 147 465 465
0074_0041_0437_0465_0465.jpg 1 41 437 465 465
0075_0250_0105_0426_0426.jpg 1 250 105 426 426
0076_0301_0176_0448_0448.jpg 1 301 176 448 448
0077_0570_0109_0277_0277.jpg 1 570 109 277 277
0078_0138_0373_0258_0258.jpg 1 138 373 258 258
0079_0382_0279_0042_0042.jpg 1 382 279 42 42
0080_0301_0209_0100_0100.jpg 1 301 209 100 100
0081_0602_0160_0132_0132.jpg 1 602 160 132 132
0082_0138_0823_0050_0050.jpg 1 138 823 50 50
0083_0538_0281_0296_0296.jpg 1 538 281 296 296
0084_0295_0215_0330_0330.jpg 1 295 215 330 330
0085_0776_0100_0074_0074.jpg 1 776 100 74 74
0086_0388_0107_0411_0411.jpg 1 388 107 411 411
0087_0169_0269_0273_0273.jpg 1 169 269 273 273
0088_0313_0283_0037_0037.jpg 1 313 283 37 37
0089_0756_0105_0045_0045.jpg 1 756 105 45 45
0090_0417_0204_0137_0137.jpg 1 417 204 137 137
0091_0468_0101_0100_0100.jpg 1 468 101 100 100
0092_0209_0292_0231_0231.jpg 1 209 292 231 231
0093_0147_0229_0353_0353.jpg 1 147 229 353 353
0094_0226_0494_0228_0228.jpg 1 226 494 228 228
0095_0057_0394_0305_0305.jpg 1 57 394 305 305
0096_0183_0248_0192_0192.jpg 1 183 248 192 192
0097_0103_0237_0436_0436.jpg 1 103 237 436 436
0098_0112_0042_0316_0316.jpg 1 112 42 316 316
0099_0151_0733_0137_0137.jpg 1 151 733 137 137
0100_0296_0118_0412_0412.jpg 1 296 118 412 412
0101_0410_0669_0106_0106.jpg 1 410 669 106 106
0102_0508_0127_0410_0410.jpg 1 508 127 410 410
