0001_0008_0020_0043_0043.jpg 1 8 20 43 43
0002_0035_0023_0036_0036.jpg 1 35 23 36 36
0003_0011_0019_0032_0032.jpg 1 11 19 32 32
0004_0042_0013_0036_0036.jpg 1 42 13 36 36
0005_0062_0007_0029_0029.jpg 1 62 7 29 29
0006_0019_0018_0036_0036.jpg 1 19 18 36 36
0007_0024_0065_0026_0026.jpg 1 24 65 26 26
0008_0028_0018_0040_0040.jpg 1 28 18 40 40
0009_0026_0043_0035_0035.jpg 1 26 43 35 35
0010_0009_0026_0041_0041.jpg 1 9 26 41 41
0011_0019_0030_0044_0044.jpg 1 19 30 44 44
0012_0013_0063_0028_0028.jpg 1 13 63 28 28
0013_0036_0030_0032_0032.jpg 1 36 30 32 32
0014_0056_0017_0035_0035.jpg 1 56 17 35 35
0015_0010_0009_0043_0043.jpg 1 10 9 43 43
0016_0017_0027_0045_0045.jpg 1 17 27 45 45
0017_0036_0015_0028_0028.jpg 1 36 15 28 28
0018_0045_0025_0037_0037.jpg 1 45 25 37 37
0019_0052_0021_0024_0024.jpg 1 52 21 24 24
0020_0037_0030_0027_0027.jpg 1 37 30 27 27
0021_0013_0044_0040_0040.jpg 1 13 44 40 40
0022_0046_0011_0029_0029.jpg 1 46 11 29 29
0023_0019_0008_0046_0046.jpg 1 19 8 46 46
0024_0023_0007_0029_0029.jpg 1 23 7 29 29
0025_0011_0057_0036_0036.jpg 1 11 57 36 36
0026_0029_0006_0034_0034.jpg 1 29 6 34 34
0027_0048_0006_0045_0045.jpg 1 48 6 45 45
0028_0033_0053_0028_0028.jpg 1 33 53 28 28
0029_0013_0023_0034_0034.jpg 1 13 23 34 34
0030_0035_0011_0044_0044.jpg 1 35 11 44 44
0031_0029_0024_0024_0024.jpg 1 29 24 24 24
0032_0031_0029_0040_0040.jpg 1 31 29 40 40
0033_0026_0011_0038_0038.jpg 1 26 11 38 38
0034_0007_0015_0030_0030.jpg 1 7 15 30 30
0035_0029_0025_0041_0041.jpg 1 29 25 41 41
0036_0027_0009_0029_0029.jpg 1 27 9 29 29
0037_0052_0005_0031_0031.jpg 1 52 5 31 31
0038_0050_0005_0040_0040.jpg 1 50 5 40 40
0039_0062_0004_0024_0024.jpg 1 62 4 24 24
0040_0043_0006_0041_0041.jpg 1 43 6 41 41
0041_0015_0048_0032_0032.jpg 1 15 48 32 32
0042_0063_0033_0025_0025.jpg 1 63 33 25 25
0043_0028_0012_0043_0043.jpg 1 28 12 43 43
0044_0027_0031_0036_0036.jpg 1 27 31 36 36
0045_0024_0017_0034_0034.jpg 1 24 17 34 34
0046_0062_0014_0029_0029.jpg 1 62 14 29 29
0047_0015_0032_0030_0030.jpg 1 15 32 30 30
0048_0007_0042_0042_0042.jpg 1 7 42 42 42
0049_0006_0050_0036_0036.jpg 1 6 50 36 36
0050_0049_0029_0028_0028.jpg 1 49 29 28 28
0051_0017_0038_0041_0041.jpg 1 17 38 41 41
0052_0046_0011_0030_0030.jpg 1 46 11 30 30
0053_0032_0058_0026_0026.jpg 1 32 58 26 26
0054_0020_0018_0033_0033.jpg 1 20 18 33 33
0055_0027_0013_0031_0031.jpg 1 27 13 31 31
0056_0011_0014_0024_0024.jpg 1 11 14 24 24
0057_0009_0018_0029_0029.jpg 1 9 18 29 29
0058_0032_0016_0036_0036.jpg 1 32 16 36 36
0059_0012_0008_0037_0037.jpg 1 12 8 37 37
0060_0031_0021_0040_0040.jpg 1 31 21 40 40
0061_0047_0011_0032_0032.jpg 1 47 11 32 32
0062_0019_0013_0028_0028.jpg 1 19 13 28 28
0063_0018_0062_0025_0025.jpg 1 18 62 25 25
0064_0019_0023_0036_0036.jpg 1 19 23 36 36
0065_0019_0039_0027_0027.jpg 1 19 39 27 27
0066_0036_0014_0039_0039.jpg 1 36 14 39 39
0067_0015_0034_0031_0031.jpg 1 15 34 31 31
0068_0010_0021_0033_0033.jpg 1 10 21 33 33
0069_0020_0026_0042_0042.jpg 1 20 26 42 42
0070_0010_0041_0039_0039.jpg 1 10 41 39 39
0071_0023_0010_0038_0038.jpg 1 23 10 38 38
0072_0025_0019_0037_0037.jpg 1 25 19 37 37
0073_0059_0006_0027_0027.jpg 1 59 6 27 27
0074_0034_0038_0029_0029.jpg 1 34 38 29 29
0075_0004_0050_0039_0039.jpg 1 4 50 39 39
0076_0058_0021_0025_0025.jpg 1 58 21 25 25
0077_0022_0022_0029_0029.jpg 1 22 22 29 29
0078_0043_0018_0034_0034.jpg 1 43 18 34 34
0079_0033_0007_0046_0046.jpg 1 33 7 46 46
0080_0015_0008_0040_0040.jpg 1 15 8 40 40
0081_0064_0004_0024_0024.jpg 1 64 4 24 24
0082_0048_0010_0037_0037.jpg 1 48 10 37 37
0083_0027_0006_0026_0026.jpg 1 27 6 26 26
0084_0041_0018_0024_0024.jpg 1 41 18 24 24
0085_0015_0014_0030_0030.jpg 1 15 14 30 30
0086_0020_0025_0033_0033.jpg 1 20 25 33 33
0087_0019_0054_0024_0024.jpg 1 19 54 24 24
0088_0021_0011_0037_0037.jpg 1 21 11 37 37
0089_0016_0053_0029_0029.jpg 1 16 53 29 29
0090_0011_0013_0030_0030.jpg 1 11 13 30 30
0091_0016_0026_0045_0045.jpg 1 16 26 45 45
0092_0043_0031_0025_0025.jpg 1 43 31 25 25
0093_0016_0007_0035_0035.jpg 1 16 7 35 35
0094_0046_0002_0041_0041.jpg 1 46 2 41 41
0095_0036_0037_0031_0031.jpg 1 36 37 31 31
0096_0018_0030_0042_0042.jpg 1 18 30 42 42
0097_0050_0000_0042_0042.jpg 1 50 0 42 42
0098_0009_0031_0035_0035.jpg 1 9 31 35 35
0099_0015_0033_0024_0024.jpg 1 15 33 24 24
0100_0014_0005_0038_0038.jpg 1 14 5 38 38
0101_0036_0003_0033_0033.jpg 1 36 3 33 33
0102_0015_0007_0045_0045.jpg 1 15 7 45 45
0103_0024_0030_0029_0029.jpg 1 24 30 29 29
0104_0029_0014_0035_0035.jpg 1 29 14 35 35
0105_0019_0063_0027_0027.jpg 1 19 63 27 27
0106_0037_0008_0035_0035.jpg 1 37 8 35 35
0107_0038_0013_0029_0029.jpg 1 38 13 29 29
0108_0044_0023_0026_0026.jpg 1 44 23 26 26
0109_0005_0034_0030_0030.jpg 1 5 34 30 30
0110_0031_0020_0046_0046.jpg 1 31 20 46 46
0111_0025_0031_0031_0031.jpg 1 25 31 31 31
0112_0004_0041_0042_0042.jpg 1 4 41 42 42
0113_0029_0046_0032_0032.jpg 1 29 46 32 32
0114_0015_0013_0025_0025.jpg 1 15 13 25 25
0115_0055_0017_0028_0028.jpg 1 55 17 28 28
0116_0006_0042_0031_0031.jpg 1 6 42 31 31
0117_0061_0023_0025_0025.jpg 1 61 23 25 25
0118_0015_0018_0041_0041.jpg 1 15 18 41 41
0119_0016_0009_0028_0028.jpg 1 16 9 28 28
0120_0008_0027_0033_0033.jpg 1 8 27 33 33
0121_0014_0036_0045_0045.jpg 1 14 36 45 45
0122_0017_0029_0027_0027.jpg 1 17 29 27 27
0123_0030_0019_0042_0042.jpg 1 30 19 42 42
0124_0017_0013_0036_0036.jpg 1 17 13 36 36
0125_0040_0030_0027_0027.jpg 1 40 30 27 27
0126_0010_0050_0043_0043.jpg 1 10 50 43 43
0127_0020_0024_0035_0035.jpg 1 20 24 35 35
0128_0027_0044_0035_0035.jpg 1 27 44 35 35
0129_0027_0018_0043_0043.jpg 1 27 18 43 43
0130_0039_0017_0037_0037.jpg 1 39 17 37 37
0131_0005_0045_0043_0043.jpg 1 5 45 43 43
0132_0016_0028_0034_0034.jpg 1 16 28 34 34
0133_0038_0036_0029_0029.jpg 1 38 36 29 29
0134_0005_0026_0043_0043.jpg 1 5 26 43 43
0135_0012_0011_0037_0037.jpg 1 12 11 37 37
0136_0048_0020_0027_0027.jpg 1 48 20 27 27
0137_0004_0034_0034_0034.jpg 1 4 34 34 34
0138_0010_0054_0027_0027.jpg 1 10 54 27 27
0139_0012_0014_0025_0025.jpg 1 12 14 25 25
0140_0040_0025_0035_0035.jpg 1 40 25 35 35
0141_0009_0017_0025_0025.jpg 1 9 17 25 25
0142_0056_0010_0033_0033.jpg 1 56 10 33 33
0143_0012_0018_0035_0035.jpg 1 12 18 35 35
0144_0022_0018_0044_0044.jpg 1 22 18 44 44
0145_0034_0033_0033_0033.jpg 1 34 33 33 33
0146_0011_0006_0041_0041.jpg 1 11 6 41 41
0147_0003_0036_0044_0044.jpg 1 3 36 44 44
0148_0061_0008_0032_0032.jpg 1 61 8 32 32
0149_0022_0042_0038_0038.jpg 1 22 42 38 38
0150_0012_0032_0046_0046.jpg 1 12 32 46 46
0151_0039_0016_0033_0033.jpg 1 39 16 33 33
0152_0033_0012_0043_0043.jpg 1 33 12 43 43
0153_0057_0013_0025_0025.jpg 1 57 13 25 25
0154_0009_0010_0042_0042.jpg 1 9 10 42 42
0155_0013_0015_0042_0042.jpg 1 13 15 42 42
0156_0048_0004_0039_0039.jpg 1 48 4 39 39
0157_0011_0013_0041_0041.jpg 1 11 13 41 41
0158_0011_0051_0041_0041.jpg 1 11 51 41 41
0159_0047_0020_0036_0036.jpg 1 47 20 36 36
0160_0045_0020_0038_0038.jpg 1 45 20 38 38
0161_0008_0011_0045_0045.jpg 1 8 11 45 45
0162_0025_0011_0041_0041.jpg 1 25 11 41 41
0163_0006_0052_0029_0029.jpg 1 6 52 29 29
0164_0016_0005_0034_0034.jpg 1 16 5 34 34
0165_0037_0023_0038_0038.jpg 1 37 23 38 38
0166_0002_0045_0040_0040.jpg 1 2 45 40 40
0167_0017_0004_0045_0045.jpg 1 17 4 45 45
0168_0016_0005_0030_0030.jpg 1 16 5 30 30
0169_0021_0027_0034_0034.jpg 1 21 27 34 34
0170_0015_0034_0040_0040.jpg 1 15 34 40 40
0171_0036_0024_0031_0031.jpg 1 36 24 31 31
0172_0028_0050_0026_0026.jpg 1 28 50 26 26
0173_0035_0006_0044_0044.jpg 1 35 6 44 44
0174_0040_0012_0038_0038.jpg 1 40 12 38 38
0175_0047_0002_0044_0044.jpg 1 47 2 44 44
0176_0032_0016_0032_0032.jpg 1 32 16 32 32
0177_0017_0019_0030_0030.jpg 1 17 19 30 30
0178_0012_0008_0043_0043.jpg 1 12 8 43 43
0179_0018_0011_0038_0038.jpg 1 18 11 38 38
0180_0008_0029_0039_0039.jpg 1 8 29 39 39
0181_0034_0007_0044_0044.jpg 1 34 7 44 44
0182_0025_0035_0029_0029.jpg 1 25 35 29 29
0183_0009_0013_0025_0025.jpg 1 9 13 25 25
0184_0009_0034_0029_0029.jpg 1 9 34 29 29
0185_0038_0017_0036_0036.jpg 1 38 17 36 36
0186_0019_0017_0026_0026.jpg 1 19 17 26 26
0187_0030_0032_0038_0038.jpg 1 30 32 38 38
0188_0020_0021_0041_0041.jpg 1 20 21 41 41
0189_0025_0042_0036_0036.jpg 1 25 42 36 36
0190_0041_0011_0035_0035.jpg 1 41 11 35 35
0191_0056_0006_0035_0035.jpg 1 56 6 35 35
0192_0036_0007_0031_0031.jpg 1 36 7 31 31
0193_0027_0055_0034_0034.jpg 1 27 55 34 34
0194_0021_0033_0037_0037.jpg 1 21 33 37 37
0195_0039_0005_0030_0030.jpg 1 39 5 30 30
0196_0007_0063_0025_0025.jpg 1 7 63 25 25
0197_0050_0020_0041_0041.jpg 1 50 20 41 41
0198_0044_0020_0027_0027.jpg 1 44 20 27 27
0199_0038_0011_0037_0037.jpg 1 38 11 37 37
0200_0029_0035_0033_0033.jpg 1 29 35 33 33
0201_0051_0005_0041_0041.jpg 1 51 5 41 41
0202_0019_0034_0036_0036.jpg 1 19 34 36 36
0203_0018_0042_0034_0034.jpg 1 18 42 34 34
0204_0008_0016_0036_0036.jpg 1 8 16 36 36
0205_0014_0047_0041_0041.jpg 1 14 47 41 41
0206_0010_0006_0037_0037.jpg 1 10 6 37 37
0207_0004_0037_0037_0037.jpg 1 4 37 37 37
0208_0006_0024_0045_0045.jpg 1 6 24 45 45
0209_0006_0012_0038_0038.jpg 1 6 12 38 38
0210_0021_0004_0035_0035.jpg 1 21 4 35 35
0211_0051_0018_0042_0042.jpg 1 51 18 42 42
0212_0038_0009_0033_0033.jpg 1 38 9 33 33
0213_0010_0026_0033_0033.jpg 1 10 26 33 33
0214_0019_0012_0030_0030.jpg 1 19 12 30 30
0215_0017_0045_0037_0037.jpg 1 17 45 37 37
0216_0049_0006_0036_0036.jpg 1 49 6 36 36
0217_0009_0006_0031_0031.jpg 1 9 6 31 31
0218_0006_0010_0041_0041.jpg 1 6 10 41 41
0219_0006_0003_0040_0040.jpg 1 6 3 40 40
0220_0007_0051_0032_0032.jpg 1 7 51 32 32
0221_0016_0059_0033_0033.jpg 1 16 59 33 33
0222_0023_0014_0043_0043.jpg 1 23 14 43 43
0223_0020_0008_0028_0028.jpg 1 20 8 28 28
0224_0021_0027_0035_0035.jpg 1 21 27 35 35
0225_0017_0037_0033_0033.jpg 1 17 37 33 33
0226_0052_0005_0041_0041.jpg 1 52 5 41 41
0227_0047_0006_0042_0042.jpg 1 47 6 42 42
0228_0011_0006_0044_0044.jpg 1 11 6 44 44
0229_0059_0015_0024_0024.jpg 1 59 15 24 24
0230_0025_0007_0031_0031.jpg 1 25 7 31 31
0231_0031_0041_0025_0025.jpg 1 31 41 25 25
0232_0009_0032_0043_0043.jpg 1 9 32 43 43
0233_0016_0029_0043_0043.jpg 1 16 29 43 43
0234_0029_0020_0028_0028.jpg 1 29 20 28 28
0235_0016_0009_0037_0037.jpg 1 16 9 37 37
0236_0002_0026_0043_0043.jpg 1 2 26 43 43
0237_0012_0008_0037_0037.jpg 1 12 8 37 37
0238_0044_0010_0043_0043.jpg 1 44 10 43 43
0239_0016_0036_0025_0025.jpg 1 16 36 25 25
0240_0019_0019_0044_0044.jpg 1 19 19 44 44
0241_0063_0037_0024_0024.jpg 1 63 37 24 24
0242_0005_0047_0024_0024.jpg 1 5 47 24 24
0243_0006_0027_0043_0043.jpg 1 6 27 43 43
0244_0043_0016_0041_0041.jpg 1 43 16 41 41
0245_0031_0013_0044_0044.jpg 1 31 13 44 44
0246_0017_0009_0029_0029.jpg 1 17 9 29 29
0247_0017_0056_0034_0034.jpg 1 17 56 34 34
0248_0014_0039_0040_0040.jpg 1 14 39 40 40
0249_0058_0022_0034_0034.jpg 1 58 22 34 34
0250_0058_0008_0027_0027.jpg 1 58 8 27 27
0251_0012_0006_0041_0041.jpg 1 12 6 41 41
0252_0044_0020_0028_0028.jpg 1 44 20 28 28
0253_0035_0041_0033_0033.jpg 1 35 41 33 33
0254_0023_0018_0035_0035.jpg 1 23 18 35 35
0255_0056_0031_0026_0026.jpg 1 56 31 26 26
0256_0015_0019_0031_0031.jpg 1 15 19 31 31
0257_0040_0010_0025_0025.jpg 1 40 10 25 25
0258_0034_0021_0032_0032.jpg 1 34 21 32 32
0259_0011_0020_0030_0030.jpg 1 11 20 30 30
0260_0010_0013_0030_0030.jpg 1 10 13 30 30
0261_0029_0019_0035_0035.jpg 1 29 19 35 35
0262_0008_0026_0042_0042.jpg 1 8 26 42 42
0263_0020_0052_0029_0029.jpg 1 20 52 29 29
0264_0065_0025_0026_0026.jpg 1 65 25 26 26
0265_0035_0037_0025_0025.jpg 1 35 37 25 25
0266_0021_0004_0043_0043.jpg 1 21 4 43 43
0267_0006_0022_0039_0039.jpg 1 6 22 39 39
0268_0010_0028_0035_0035.jpg 1 10 28 35 35
0269_0013_0012_0034_0034.jpg 1 13 12 34 34
0270_0054_0009_0036_0036.jpg 1 54 9 36 36
0271_0027_0012_0033_0033.jpg 1 27 12 33 33
0272_0042_0026_0026_0026.jpg 1 42 26 26 26
0273_0034_0039_0028_0028.jpg 1 34 39 28 28
0274_0042_0009_0044_0044.jpg 1 42 9 44 44
0275_0029_0031_0030_0030.jpg 1 29 31 30 30
0276_0025_0031_0035_0035.jpg 1 25 31 35 35
0277_0024_0008_0026_0026.jpg 1 24 8 26 26
0278_0034_0031_0030_0030.jpg 1 34 31 30 30
0279_0057_0048_0025_0025.jpg 1 57 48 25 25
0280_0045_0009_0036_0036.jpg 1 45 9 36 36
0281_0009_0009_0031_0031.jpg 1 9 9 31 31
0282_0019_0026_0030_0030.jpg 1 19 26 30 30
0283_0014_0021_0033_0033.jpg 1 14 21 33 33
0284_0057_0010_0035_0035.jpg 1 57 10 35 35
0285_0047_0004_0040_0040.jpg 1 47 4 40 40
0286_0010_0037_0030_0030.jpg 1 10 37 30 30
0287_0040_0012_0037_0037.jpg 1 40 12 37 37
0288_0012_0011_0041_0041.jpg 1 12 11 41 41
0289_0028_0054_0039_0039.jpg 1 28 54 39 39
0290_0010_0028_0038_0038.jpg 1 10 28 38 38
0291_0024_0006_0037_0037.jpg 1 24 6 37 37
0292_0010_0023_0040_0040.jpg 1 10 23 40 40
0293_0016_0055_0035_0035.jpg 1 16 55 35 35
0294_0041_0013_0039_0039.jpg 1 41 13 39 39
0295_0019_0017_0033_0033.jpg 1 19 17 33 33
0296_0018_0018_0032_0032.jpg 1 18 18 32 32
0297_0019_0023_0044_0044.jpg 1 19 23 44 44
0298_0013_0004_0045_0045.jpg 1 13 4 45 45
0299_0062_0009_0031_0031.jpg 1 62 9 31 31
0300_0030_0012_0031_0031.jpg 1 30 12 31 31
0301_0036_0020_0028_0028.jpg 1 36 20 28 28
0302_0012_0022_0037_0037.jpg 1 12 22 37 37
0303_0030_0013_0024_0024.jpg 1 30 13 24 24
0304_0006_0036_0025_0025.jpg 1 6 36 25 25
0305_0027_0026_0030_0030.jpg 1 27 26 30 30
0306_0050_0019_0031_0031.jpg 1 50 19 31 31
0307_0014_0054_0035_0035.jpg 1 14 54 35 35
0308_0026_0048_0031_0031.jpg 1 26 48 31 31
0309_0033_0026_0025_0025.jpg 1 33 26 25 25
0310_0009_0018_0039_0039.jpg 1 9 18 39 39
0311_0009_0002_0044_0044.jpg 1 9 2 44 44
0312_0013_0043_0031_0031.jpg 1 13 43 31 31
0313_0048_0032_0024_0024.jpg 1 48 32 24 24
0314_0028_0013_0033_0033.jpg 1 28 13 33 33
0315_0002_0011_0045_0045.jpg 1 2 11 45 45
0316_0014_0005_0024_0024.jpg 1 14 5 24 24
0317_0024_0013_0038_0038.jpg 1 24 13 38 38
0318_0018_0010_0041_0041.jpg 1 18 10 41 41
0319_0013_0022_0038_0038.jpg 1 13 22 38 38
0320_0027_0011_0031_0031.jpg 1 27 11 31 31
0321_0050_0034_0026_0026.jpg 1 50 34 26 26
0322_0040_0024_0031_0031.jpg 1 40 24 31 31
0323_0064_0032_0028_0028.jpg 1 64 32 28 28
0324_0059_0032_0030_0030.jpg 1 59 32 30 30
0325_0031_0015_0043_0043.jpg 1 31 15 43 43
0326_0029_0028_0024_0024.jpg 1 29 28 24 24
0327_0019_0024_0042_0042.jpg 1 19 24 42 42
0328_0007_0008_0037_0037.jpg 1 7 8 37 37
0329_0005_0060_0025_0025.jpg 1 5 60 25 25
0330_0040_0033_0028_0028.jpg 1 40 33 28 28
0331_0007_0040_0043_0043.jpg 1 7 40 43 43
0332_0037_0025_0037_0037.jpg 1 37 25 37 37
0333_0048_0024_0028_0028.jpg 1 48 24 28 28
0334_0042_0018_0041_0041.jpg 1 42 18 41 41
0335_0025_0027_0033_0033.jpg 1 25 27 33 33
0336_0028_0038_0031_0031.jpg 1 28 38 31 31
0337_0036_0007_0036_0036.jpg 1 36 7 36 36
0338_0002_0035_0043_0043.jpg 1 2 35 43 43
0339_0055_0031_0030_0030.jpg 1 55 31 30 30
0340_0014_0061_0030_0030.jpg 1 14 61 30 30
0341_0025_0011_0037_0037.jpg 1 25 11 37 37
0342_0004_0014_0044_0044.jpg 1 4 14 44 44
0343_0019_0014_0043_0043.jpg 1 19 14 43 43
0344_0061_0023_0029_0029.jpg 1 61 23 29 29
0345_0049_0030_0030_0030.jpg 1 49 30 30 30
0346_0026_0009_0033_0033.jpg 1 26 9 33 33
0347_0046_0028_0027_0027.jpg 1 46 28 27 27
0348_0014_0018_0045_0045.jpg 1 14 18 45 45
0349_0038_0008_0039_0039.jpg 1 38 8 39 39
0350_0028_0009_0041_0041.jpg 1 28 9 41 41
0351_0023_0014_0037_0037.jpg 1 23 14 37 37
0352_0020_0004_0025_0025.jpg 1 20 4 25 25
0353_0050_0004_0024_0024.jpg 1 50 4 24 24
0354_0030_0013_0044_0044.jpg 1 30 13 44 44
0355_0021_0048_0038_0038.jpg 1 21 48 38 38
0356_0044_0017_0041_0041.jpg 1 44 17 41 41
0357_0024_0008_0024_0024.jpg 1 24 8 24 24
0358_0017_0026_0042_0042.jpg 1 17 26 42 42
0359_0026_0037_0038_0038.jpg 1 26 37 38 38
0360_0044_0005_0037_0037.jpg 1 44 5 37 37
0361_0035_0027_0043_0043.jpg 1 35 27 43 43
0362_0019_0004_0041_0041.jpg 1 19 4 41 41
0363_0043_0006_0044_0044.jpg 1 43 6 44 44
0364_0021_0027_0033_0033.jpg 1 21 27 33 33
0365_0016_0027_0028_0028.jpg 1 16 27 28 28
0366_0025_0009_0043_0043.jpg 1 25 9 43 43
0367_0020_0034_0039_0039.jpg 1 20 34 39 39
0368_0015_0019_0036_0036.jpg 1 15 19 36 36
0369_0018_0013_0029_0029.jpg 1 18 13 29 29
0370_0018_0024_0037_0037.jpg 1 18 24 37 37
0371_0009_0039_0027_0027.jpg 1 9 39 27 27
0372_0020_0031_0028_0028.jpg 1 20 31 28 28
0373_0017_0016_0040_0040.jpg 1 17 16 40 40
0374_0018_0022_0041_0041.jpg 1 18 22 41 41
0375_0019_0030_0036_0036.jpg 1 19 30 36 36
0376_0032_0019_0029_0029.jpg 1 32 19 29 29
0377_0013_0021_0035_0035.jpg 1 13 21 35 35
0378_0013_0005_0041_0041.jpg 1 13 5 41 41
0379_0008_0005_0032_0032.jpg 1 8 5 32 32
0380_0017_0006_0032_0032.jpg 1 17 6 32 32
0381_0010_0021_0045_0045.jpg 1 10 21 45 45
0382_0007_0006_0044_0044.jpg 1 7 6 44 44
0383_0023_0005_0043_0043.jpg 1 23 5 43 43
0384_0059_0022_0030_0030.jpg 1 59 22 30 30
0385_0018_0004_0043_0043.jpg 1 18 4 43 43
0386_0009_0022_0041_0041.jpg 1 9 22 41 41
0387_0035_0026_0036_0036.jpg 1 35 26 36 36
0388_0024_0030_0045_0045.jpg 1 24 30 45 45
0389_0040_0022_0031_0031.jpg 1 40 22 31 31
0390_0014_0008_0040_0040.jpg 1 14 8 40 40
0391_0040_0027_0024_0024.jpg 1 40 27 24 24
0392_0016_0018_0031_0031.jpg 1 16 18 31 31
0393_0046_0024_0028_0028.jpg 1 46 24 28 28
0394_0014_0023_0042_0042.jpg 1 14 23 42 42
0395_0054_0021_0030_0030.jpg 1 54 21 30 30
0396_0018_0039_0033_0033.jpg 1 18 39 33 33
0397_0024_0017_0037_0037.jpg 1 24 17 37 37
0398_0012_0029_0033_0033.jpg 1 12 29 33 33
0399_0015_0052_0025_0025.jpg 1 15 52 25 25
0400_0021_0022_0036_0036.jpg 1 21 22 36 36
0401_0016_0005_0044_0044.jpg 1 16 5 44 44
0402_0034_0005_0034_0034.jpg 1 34 5 34 34
0403_0028_0014_0034_0034.jpg 1 28 14 34 34
0404_0017_0055_0027_0027.jpg 1 17 55 27 27
0405_0021_0021_0039_0039.jpg 1 21 21 39 39
0406_0065_0014_0026_0026.jpg 1 65 14 26 26
0407_0045_0003_0031_0031.jpg 1 45 3 31 31
0408_0042_0004_0038_0038.jpg 1 42 4 38 38
0409_0029_0033_0025_0025.jpg 1 29 33 25 25
0410_0022_0066_0025_0025.jpg 1 22 66 25 25
0411_0017_0055_0036_0036.jpg 1 17 55 36 36
0412_0047_0017_0028_0028.jpg 1 47 17 28 28
0413_0044_0012_0042_0042.jpg 1 44 12 42 42
0414_0008_0015_0039_0039.jpg 1 8 15 39 39
0415_0009_0020_0041_0041.jpg 1 9 20 41 41
0416_0023_0015_0024_0024.jpg 1 23 15 24 24
0417_0016_0005_0033_0033.jpg 1 16 5 33 33
0418_0028_0059_0032_0032.jpg 1 28 59 32 32
0419_0024_0017_0035_0035.jpg 1 24 17 35 35
0420_0019_0005_0043_0043.jpg 1 19 5 43 43
0421_0027_0003_0043_0043.jpg 1 27 3 43 43
0422_0014_0022_0035_0035.jpg 1 14 22 35 35
0423_0051_0004_0028_0028.jpg 1 51 4 28 28
0424_0031_0028_0026_0026.jpg 1 31 28 26 26
0425_0009_0015_0038_0038.jpg 1 9 15 38 38
0426_0041_0006_0040_0040.jpg 1 41 6 40 40
0427_0007_0000_0045_0045.jpg 1 7 0 45 45
0428_0023_0014_0043_0043.jpg 1 23 14 43 43
0429_0043_0024_0030_0030.jpg 1 43 24 30 30
0430_0021_0040_0046_0046.jpg 1 21 40 46 46
0431_0014_0020_0029_0029.jpg 1 14 20 29 29
0432_0043_0034_0026_0026.jpg 1 43 34 26 26
0433_0059_0008_0031_0031.jpg 1 59 8 31 31
0434_0047_0017_0032_0032.jpg 1 47 17 32 32
0435_0027_0010_0042_0042.jpg 1 27 10 42 42
0436_0051_0004_0026_0026.jpg 1 51 4 26 26
0437_0051_0023_0032_0032.jpg 1 51 23 32 32
0438_0043_0005_0039_0039.jpg 1 43 5 39 39
0439_0037_0014_0034_0034.jpg 1 37 14 34 34
0440_0046_0010_0038_0038.jpg 1 46 10 38 38
0441_0019_0028_0041_0041.jpg 1 19 28 41 41
0442_0037_0004_0043_0043.jpg 1 37 4 43 43
0443_0017_0028_0027_0027.jpg 1 17 28 27 27
0444_0006_0006_0034_0034.jpg 1 6 6 34 34
0445_0048_0007_0039_0039.jpg 1 48 7 39 39
0446_0011_0004_0044_0044.jpg 1 11 4 44 44
0447_0046_0010_0034_0034.jpg 1 46 10 34 34
0448_0061_0005_0030_0030.jpg 1 61 5 30 30
0449_0034_0006_0031_0031.jpg 1 34 6 31 31
0450_0024_0002_0043_0043.jpg 1 24 2 43 43
0451_0015_0032_0027_0027.jpg 1 15 32 27 27
0452_0048_0026_0033_0033.jpg 1 48 26 33 33
0453_0017_0018_0045_0045.jpg 1 17 18 45 45
0454_0010_0020_0035_0035.jpg 1 10 20 35 35
0455_0008_0009_0036_0036.jpg 1 8 9 36 36
0456_0007_0026_0033_0033.jpg 1 7 26 33 33
0457_0020_0013_0029_0029.jpg 1 20 13 29 29
0458_0014_0012_0040_0040.jpg 1 14 12 40 40
0459_0021_0005_0042_0042.jpg 1 21 5 42 42
0460_0016_0014_0045_0045.jpg 1 16 14 45 45
0461_0003_0043_0036_0036.jpg 1 3 43 36 36
0462_0013_0028_0036_0036.jpg 1 13 28 36 36
0463_0026_0023_0026_0026.jpg 1 26 23 26 26
0464_0028_0038_0039_0039.jpg 1 28 38 39 39
0465_0024_0013_0038_0038.jpg 1 24 13 38 38
0466_0010_0033_0033_0033.jpg 1 10 33 33 33
0467_0025_0015_0043_0043.jpg 1 25 15 43 43
0468_0005_0016_0042_0042.jpg 1 5 16 42 42
0469_0018_0019_0028_0028.jpg 1 18 19 28 28
0470_0029_0022_0030_0030.jpg 1 29 22 30 30
0471_0026_0024_0035_0035.jpg 1 26 24 35 35
0472_0013_0050_0030_0030.jpg 1 13 50 30 30
0473_0061_0024_0024_0024.jpg 1 61 24 24 24
0474_0015_0013_0039_0039.jpg 1 15 13 39 39
0475_0029_0025_0025_0025.jpg 1 29 25 25 25
0476_0015_0031_0025_0025.jpg 1 15 31 25 25
0477_0028_0012_0033_0033.jpg 1 28 12 33 33
0478_0008_0009_0035_0035.jpg 1 8 9 35 35
0479_0023_0022_0037_0037.jpg 1 23 22 37 37
0480_0033_0003_0044_0044.jpg 1 33 3 44 44
0481_0022_0019_0037_0037.jpg 1 22 19 37 37
0482_0014_0011_0038_0038.jpg 1 14 11 38 38
0483_0046_0008_0029_0029.jpg 1 46 8 29 29
0484_0017_0019_0036_0036.jpg 1 17 19 36 36
0485_0023_0037_0042_0042.jpg 1 23 37 42 42
0486_0007_0028_0034_0034.jpg 1 7 28 34 34
0487_0017_0007_0037_0037.jpg 1 17 7 37 37
0488_0037_0002_0043_0043.jpg 1 37 2 43 43
0489_0014_0028_0041_0041.jpg 1 14 28 41 41
0490_0021_0022_0029_0029.jpg 1 21 22 29 29
0491_0032_0015_0041_0041.jpg 1 32 15 41 41
0492_0018_0016_0027_0027.jpg 1 18 16 27 27
0493_0044_0006_0045_0045.jpg 1 44 6 45 45
0494_0027_0011_0034_0034.jpg 1 27 11 34 34
0495_0017_0056_0035_0035.jpg 1 17 56 35 35
0496_0016_0019_0038_0038.jpg 1 16 19 38 38
0497_0049_0008_0044_0044.jpg 1 49 8 44 44
0498_0022_0006_0031_0031.jpg 1 22 6 31 31
0499_0042_0012_0040_0040.jpg 1 42 12 40 40
0500_0017_0049_0031_0031.jpg 1 17 49 31 31
0501_0036_0038_0032_0032.jpg 1 36 38 32 32
0502_0027_0018_0043_0043.jpg 1 27 18 43 43
0503_0060_0012_0029_0029.jpg 1 60 12 29 29
0504_0026_0020_0041_0041.jpg 1 26 20 41 41
0505_0009_0027_0033_0033.jpg 1 9 27 33 33
0506_0058_0016_0028_0028.jpg 1 58 16 28 28
0507_0064_0005_0025_0025.jpg 1 64 5 25 25
0508_0030_0060_0032_0032.jpg 1 30 60 32 32
0509_0009_0024_0030_0030.jpg 1 9 24 30 30
0510_0026_0007_0043_0043.jpg 1 26 7 43 43
0511_0042_0016_0024_0024.jpg 1 42 16 24 24
0512_0019_0045_0040_0040.jpg 1 19 45 40 40
0513_0019_0018_0029_0029.jpg 1 19 18 29 29
0514_0013_0005_0042_0042.jpg 1 13 5 42 42
0515_0040_0005_0026_0026.jpg 1 40 5 26 26
0516_0007_0019_0043_0043.jpg 1 7 19 43 43
0517_0004_0035_0045_0045.jpg 1 4 35 45 45
0518_0033_0022_0036_0036.jpg 1 33 22 36 36
0519_0046_0007_0041_0041.jpg 1 46 7 41 41
0520_0043_0030_0029_0029.jpg 1 43 30 29 29
0521_0025_0011_0037_0037.jpg 1 25 11 37 37
0522_0012_0052_0029_0029.jpg 1 12 52 29 29
0523_0011_0019_0035_0035.jpg 1 11 19 35 35
0524_0017_0017_0031_0031.jpg 1 17 17 31 31
0525_0005_0048_0025_0025.jpg 1 5 48 25 25
